<?xml version="1.0" encoding="UTF-8"?>
<coverage generated="1777818861583" clover="3.2.0">
  <project timestamp="1777818861584" name="All files">
    <metrics statements="8" coveredstatements="8" conditionals="8" coveredconditionals="8" methods="2" coveredmethods="2" elements="18" coveredelements="18" complexity="0" loc="8" ncloc="8" packages="1" files="1" classes="1"/>
    <file name="studyLogic.js" path="D:\Користувачі нова\Desktop\Study\3 курс\2\IT_proj_manag\smart_flashcards\src\studyLogic.js">
      <metrics statements="8" coveredstatements="8" conditionals="8" coveredconditionals="8" methods="2" coveredmethods="2"/>
      <line num="5" count="5" type="cond" truecount="4" falsecount="0"/>
      <line num="6" count="1" type="stmt"/>
      <line num="9" count="4" type="cond" truecount="2" falsecount="0"/>
      <line num="10" count="3" type="cond" truecount="2" falsecount="0"/>
      <line num="15" count="1" type="stmt"/>
      <line num="17" count="1" type="stmt"/>
      <line num="18" count="1" type="stmt"/>
      <line num="22" count="1" type="stmt"/>
    </file>
  </project>
</coverage>
